<?xml version="1.0" encoding="utf-8"?>
<coverage line-rate="1" branch-rate="0.9705" version="1.9" timestamp="1562099071" lines-covered="340" lines-valid="340" branches-covered="132" branches-valid="136">
  <sources>
    <source></source>
  </sources>
  <packages>
    <package name="NetworkEngine" line-rate="1" branch-rate="0.9705" complexity="214">
      <classes>
        <class name="NetworkEngine.PacketCompiler.InvalidPacketSpecException" filename="D:\git\personal\networkengine\NetworkEngine\PacketCompiler\InvalidPacketSpecException.cs" line-rate="1" branch-rate="1" complexity="2">
          <methods>
            <method name="get_Result" signature="()" line-rate="1" branch-rate="1">
              <lines>
                <line number="11" hits="4" branch="False" />
              </lines>
            </method>
            <method name=".ctor" signature="(NetworkEngine.PacketCompiler.ValidationState)" line-rate="1" branch-rate="1">
              <lines>
                <line number="13" hits="4" branch="False" />
                <line number="15" hits="4" branch="False" />
                <line number="16" hits="4" branch="False" />
              </lines>
            </method>
          </methods>
          <lines>
            <line number="11" hits="4" branch="False" />
            <line number="13" hits="4" branch="False" />
            <line number="15" hits="4" branch="False" />
            <line number="16" hits="4" branch="False" />
          </lines>
        </class>
        <class name="NetworkEngine.PacketCompiler.PacketSpecParser" filename="D:\git\personal\networkengine\NetworkEngine\PacketCompiler\PacketSpecParser.cs" line-rate="1" branch-rate="0.9693" complexity="100">
          <methods>
            <method name="Parse" signature="(NetworkEngine.PacketCompiler.ParseOptions)" line-rate="1" branch-rate="0.8333">
              <lines>
                <line number="48" hits="14" branch="False" />
                <line number="49" hits="14" branch="True" condition-coverage="100% (2/2)">
                  <conditions>
                    <condition number="19" type="jump" coverage="100%" />
                  </conditions>
                </line>
                <line number="51" hits="4" branch="False" />
                <line number="54" hits="10" branch="False" />
                <line number="55" hits="10" branch="False" />
                <line number="57" hits="10" branch="False" />
                <line number="58" hits="10" branch="True" condition-coverage="100% (2/2)">
                  <conditions>
                    <condition number="63" type="jump" coverage="100%" />
                  </conditions>
                </line>
                <line number="59" hits="1" branch="False" />
                <line number="61" hits="10" branch="True" condition-coverage="50% (2/4)">
                  <conditions>
                    <condition number="80" type="jump" coverage="50%" />
                    <condition number="92" type="jump" coverage="50%" />
                  </conditions>
                </line>
                <line number="62" hits="35" branch="True" condition-coverage="100% (2/2)">
                  <conditions>
                    <condition number="140" type="jump" coverage="100%" />
                  </conditions>
                </line>
                <line number="64" hits="26" branch="True" condition-coverage="100% (2/2)">
                  <conditions>
                    <condition number="113" type="jump" coverage="100%" />
                  </conditions>
                </line>
                <line number="66" hits="26" branch="False" />
                <line number="67" hits="25" branch="False" />
                <line number="70" hits="25" branch="False" />
                <line number="73" hits="9" branch="False" />
              </lines>
            </method>
            <method name="XmlNodeToDataElement" signature="(System.Xml.XmlNode)" line-rate="1" branch-rate="1">
              <lines>
                <line number="78" hits="73" branch="False" />
                <line number="79" hits="73" branch="True" condition-coverage="100% (2/2)">
                  <conditions>
                    <condition number="14" type="jump" coverage="100%" />
                  </conditions>
                </line>
                <line number="81" hits="1" branch="False" />
                <line number="84" hits="72" branch="False" />
                <line number="85" hits="72" branch="True" condition-coverage="100% (4/4)">
                  <conditions>
                    <condition number="55" type="jump" coverage="100%" />
                    <condition number="67" type="jump" coverage="100%" />
                  </conditions>
                </line>
                <line number="87" hits="72" branch="False" />
                <line number="88" hits="72" branch="True" condition-coverage="100% (4/4)">
                  <conditions>
                    <condition number="90" type="jump" coverage="100%" />
                    <condition number="97" type="jump" coverage="100%" />
                  </conditions>
                </line>
                <line number="91" hits="7" branch="False" />
                <line number="92" hits="7" branch="False" />
                <line number="95" hits="4" branch="False" />
                <line number="99" hits="72" branch="False" />
                <line number="100" hits="72" branch="False" />
                <line number="101" hits="72" branch="True" condition-coverage="100% (2/2)">
                  <conditions>
                    <condition number="153" type="jump" coverage="100%" />
                  </conditions>
                </line>
                <line number="103" hits="7" branch="False" />
                <line number="104" hits="7" branch="False" />
                <line number="105" hits="65" branch="True" condition-coverage="100% (2/2)">
                  <conditions>
                    <condition number="176" type="jump" coverage="100%" />
                  </conditions>
                </line>
                <line number="107" hits="2" branch="False" />
                <line number="108" hits="2" branch="False" />
                <line number="109" hits="2" branch="False" />
                <line number="110" hits="63" branch="True" condition-coverage="100% (2/2)">
                  <conditions>
                    <condition number="215" type="jump" coverage="100%" />
                  </conditions>
                </line>
                <line number="112" hits="2" branch="True" condition-coverage="100% (2/2)">
                  <conditions>
                    <condition number="237" type="jump" coverage="100%" />
                  </conditions>
                </line>
                <line number="113" hits="2" branch="True" condition-coverage="100% (2/2)">
                  <conditions>
                    <condition number="265" type="jump" coverage="100%" />
                  </conditions>
                </line>
                <line number="114" hits="2" branch="True" condition-coverage="100% (2/2)">
                  <conditions>
                    <condition number="295" type="jump" coverage="100%" />
                  </conditions>
                </line>
                <line number="115" hits="2" branch="True" condition-coverage="100% (2/2)">
                  <conditions>
                    <condition number="325" type="jump" coverage="100%" />
                  </conditions>
                </line>
                <line number="116" hits="2" branch="False" />
                <line number="119" hits="72" branch="False" />
              </lines>
            </method>
            <method name="ProcessStructure" signature="(System.Collections.Generic.IReadOnlyList`1&lt;System.Xml.XmlNode&gt;)" line-rate="1" branch-rate="1">
              <lines>
                <line number="124" hits="7" branch="False" />
                <line number="126" hits="80" branch="True" condition-coverage="100% (2/2)">
                  <conditions>
                    <condition number="40" type="jump" coverage="100%" />
                  </conditions>
                </line>
                <line number="128" hits="33" branch="False" />
                <line number="131" hits="7" branch="False" />
              </lines>
            </method>
            <method name="ProcessCondition" signature="(System.Xml.XmlAttribute,System.Collections.Generic.List`1&lt;System.Xml.XmlNode&gt;)" line-rate="1" branch-rate="1">
              <lines>
                <line number="136" hits="2" branch="False" />
                <line number="138" hits="2" branch="False" />
                <line number="140" hits="2" branch="False" />
                <line number="141" hits="2" branch="True" condition-coverage="100% (2/2)">
                  <conditions>
                    <condition number="38" type="jump" coverage="100%" />
                  </conditions>
                </line>
                <line number="142" hits="8" branch="False" />
                <line number="143" hits="2" branch="False" />
                <line number="144" hits="12" branch="True" condition-coverage="100% (2/2)">
                  <conditions>
                    <condition number="172" type="jump" coverage="100%" />
                  </conditions>
                </line>
                <line number="146" hits="4" branch="False" />
                <line number="147" hits="4" branch="False" />
                <line number="148" hits="4" branch="False" />
                <line number="149" hits="4" branch="False" />
                <line number="150" hits="4" branch="False" />
                <line number="153" hits="2" branch="False" />
              </lines>
            </method>
            <method name="ProcessGroup" signature="(System.String,System.String,System.String,System.String,System.Collections.Generic.IReadOnlyList`1&lt;System.Xml.XmlNode&gt;)" line-rate="1" branch-rate="1">
              <lines>
                <line number="162" hits="2" branch="False" />
                <line number="163" hits="2" branch="False" />
                <line number="164" hits="2" branch="False" />
                <line number="165" hits="2" branch="False" />
                <line number="167" hits="2" branch="True" condition-coverage="100% (4/4)">
                  <conditions>
                    <condition number="46" type="jump" coverage="100%" />
                    <condition number="77" type="jump" coverage="100%" />
                  </conditions>
                </line>
                <line number="168" hits="6" branch="False" />
                <line number="169" hits="2" branch="False" />
                <line number="170" hits="2" branch="True" condition-coverage="100% (2/2)">
                  <conditions>
                    <condition number="92" type="jump" coverage="100%" />
                  </conditions>
                </line>
                <line number="173" hits="2" branch="True" condition-coverage="100% (4/4)">
                  <conditions>
                    <condition number="112" type="jump" coverage="100%" />
                    <condition number="143" type="jump" coverage="100%" />
                  </conditions>
                </line>
                <line number="174" hits="6" branch="False" />
                <line number="175" hits="2" branch="False" />
                <line number="176" hits="2" branch="True" condition-coverage="100% (2/2)">
                  <conditions>
                    <condition number="158" type="jump" coverage="100%" />
                  </conditions>
                </line>
                <line number="178" hits="2" branch="True" condition-coverage="100% (2/2)">
                  <conditions>
                    <condition number="180" type="jump" coverage="100%" />
                  </conditions>
                </line>
                <line number="179" hits="6" branch="False" />
                <line number="181" hits="2" branch="False" />
                <line number="183" hits="2" branch="True" condition-coverage="100% (2/2)">
                  <conditions>
                    <condition number="228" type="jump" coverage="100%" />
                  </conditions>
                </line>
                <line number="184" hits="1" branch="False" />
                <line number="185" hits="2" branch="True" condition-coverage="100% (2/2)">
                  <conditions>
                    <condition number="239" type="jump" coverage="100%" />
                  </conditions>
                </line>
                <line number="186" hits="1" branch="False" />
                <line number="187" hits="2" branch="True" condition-coverage="100% (2/2)">
                  <conditions>
                    <condition number="250" type="jump" coverage="100%" />
                  </conditions>
                </line>
                <line number="188" hits="1" branch="False" />
                <line number="189" hits="2" branch="True" condition-coverage="100% (2/2)">
                  <conditions>
                    <condition number="263" type="jump" coverage="100%" />
                  </conditions>
                </line>
                <line number="190" hits="1" branch="False" />
                <line number="192" hits="2" branch="False" />
              </lines>
            </method>
            <method name="ValidatePacketStructure" signature="(System.Xml.XmlDocument,NetworkEngine.PacketCompiler.ParseOptions)" line-rate="1" branch-rate="1">
              <lines>
                <line number="197" hits="14" branch="False" />
                <line number="199" hits="14" branch="False" />
                <line number="200" hits="14" branch="False" />
                <line number="201" hits="14" branch="False" />
                <line number="202" hits="14" branch="False" />
                <line number="204" hits="14" branch="True" condition-coverage="100% (2/2)">
                  <conditions>
                    <condition number="67" type="jump" coverage="100%" />
                  </conditions>
                </line>
                <line number="206" hits="10" branch="False" />
                <line number="207" hits="10" branch="False" />
                <line number="209" hits="10" branch="True" condition-coverage="100% (2/2)">
                  <conditions>
                    <condition number="115" type="jump" coverage="100%" />
                  </conditions>
                </line>
                <line number="211" hits="1" branch="False" />
                <line number="212" hits="1" branch="False" />
                <line number="213" hits="1" branch="False" />
                <line number="214" hits="1" branch="False" />
                <line number="216" hits="1" branch="False" />
                <line number="219" hits="4" branch="True" condition-coverage="100% (4/4)">
                  <conditions>
                    <condition number="150" type="jump" coverage="100%" />
                    <condition number="174" type="jump" coverage="100%" />
                  </conditions>
                </line>
                <line number="220" hits="4" branch="False" />
                <line number="222" hits="1" branch="False" />
                <line number="226" hits="14" branch="True" condition-coverage="100% (2/2)">
                  <conditions>
                    <condition number="189" type="jump" coverage="100%" />
                  </conditions>
                </line>
                <line number="228" hits="12" branch="False" />
                <line number="229" hits="174" branch="True" condition-coverage="100% (4/4)">
                  <conditions>
                    <condition number="221" type="jump" coverage="100%" />
                    <condition number="257" type="jump" coverage="100%" />
                  </conditions>
                </line>
                <line number="230" hits="82" branch="True" condition-coverage="100% (2/2)">
                  <conditions>
                    <condition number="395" type="jump" coverage="100%" />
                  </conditions>
                </line>
                <line number="232" hits="108" branch="True" condition-coverage="100% (2/2)">
                  <conditions>
                    <condition number="313" type="jump" coverage="100%" />
                  </conditions>
                </line>
                <line number="233" hits="106" branch="True" condition-coverage="100% (4/4)">
                  <conditions>
                    <condition number="349" type="jump" coverage="100%" />
                    <condition number="379" type="jump" coverage="100%" />
                  </conditions>
                </line>
                <line number="235" hits="2" branch="False" />
                <line number="240" hits="14" branch="False" />
              </lines>
            </method>
            <method name="GetPacketName" signature="(System.Xml.XmlDocument)" line-rate="1" branch-rate="0.5">
              <lines>
                <line number="253" hits="10" branch="False" />
                <line number="254" hits="10" branch="True" condition-coverage="50% (1/2)">
                  <conditions>
                    <condition number="27" type="jump" coverage="50%" />
                  </conditions>
                </line>
              </lines>
            </method>
            <method name="GetBasePacket" signature="(System.Xml.XmlDocument)" line-rate="1" branch-rate="1">
              <lines>
                <line number="259" hits="10" branch="False" />
                <line number="260" hits="10" branch="True" condition-coverage="100% (4/4)">
                  <conditions>
                    <condition number="22" type="jump" coverage="100%" />
                    <condition number="34" type="jump" coverage="100%" />
                  </conditions>
                </line>
              </lines>
            </method>
            <method name="RemoveComments" signature="(System.Xml.XmlDocument)" line-rate="1" branch-rate="1">
              <lines>
                <line number="265" hits="12" branch="True" condition-coverage="100% (4/4)">
                  <conditions>
                    <condition number="22" type="jump" coverage="100%" />
                    <condition number="58" type="jump" coverage="100%" />
                  </conditions>
                </line>
                <line number="266" hits="12" branch="False" />
                <line number="267" hits="180" branch="False" />
                <line number="268" hits="16" branch="False" />
                <line number="269" hits="12" branch="False" />
                <line number="271" hits="32" branch="True" condition-coverage="100% (2/2)">
                  <conditions>
                    <condition number="134" type="jump" coverage="100%" />
                  </conditions>
                </line>
                <line number="273" hits="4" branch="False" />
                <line number="275" hits="12" branch="False" />
              </lines>
            </method>
            <method name=".ctor" signature="(System.String)" line-rate="1" branch-rate="1">
              <lines>
                <line number="29" hits="1" branch="False" />
                <line number="31" hits="1" branch="False" />
                <line number="33" hits="1" branch="False" />
                <line number="34" hits="1" branch="False" />
                <line number="35" hits="1" branch="False" />
                <line number="36" hits="1" branch="False" />
              </lines>
            </method>
            <method name=".ctor" signature="(System.Xml.XmlDocument)" line-rate="1" branch-rate="1">
              <lines>
                <line number="38" hits="11" branch="False" />
                <line number="40" hits="11" branch="False" />
                <line number="41" hits="11" branch="False" />
                <line number="43" hits="11" branch="False" />
                <line number="44" hits="11" branch="False" />
              </lines>
            </method>
          </methods>
          <lines>
            <line number="48" hits="14" branch="False" />
            <line number="49" hits="14" branch="True" condition-coverage="100% (2/2)">
              <conditions>
                <condition number="19" type="jump" coverage="100%" />
              </conditions>
            </line>
            <line number="51" hits="4" branch="False" />
            <line number="54" hits="10" branch="False" />
            <line number="55" hits="10" branch="False" />
            <line number="57" hits="10" branch="False" />
            <line number="58" hits="10" branch="True" condition-coverage="100% (2/2)">
              <conditions>
                <condition number="63" type="jump" coverage="100%" />
              </conditions>
            </line>
            <line number="59" hits="1" branch="False" />
            <line number="61" hits="10" branch="True" condition-coverage="50% (2/4)">
              <conditions>
                <condition number="80" type="jump" coverage="50%" />
                <condition number="92" type="jump" coverage="50%" />
              </conditions>
            </line>
            <line number="62" hits="35" branch="True" condition-coverage="100% (2/2)">
              <conditions>
                <condition number="140" type="jump" coverage="100%" />
              </conditions>
            </line>
            <line number="64" hits="26" branch="True" condition-coverage="100% (2/2)">
              <conditions>
                <condition number="113" type="jump" coverage="100%" />
              </conditions>
            </line>
            <line number="66" hits="26" branch="False" />
            <line number="67" hits="25" branch="False" />
            <line number="70" hits="25" branch="False" />
            <line number="73" hits="9" branch="False" />
            <line number="78" hits="73" branch="False" />
            <line number="79" hits="73" branch="True" condition-coverage="100% (2/2)">
              <conditions>
                <condition number="14" type="jump" coverage="100%" />
              </conditions>
            </line>
            <line number="81" hits="1" branch="False" />
            <line number="84" hits="72" branch="False" />
            <line number="85" hits="72" branch="True" condition-coverage="100% (4/4)">
              <conditions>
                <condition number="55" type="jump" coverage="100%" />
                <condition number="67" type="jump" coverage="100%" />
              </conditions>
            </line>
            <line number="87" hits="72" branch="False" />
            <line number="88" hits="72" branch="True" condition-coverage="100% (4/4)">
              <conditions>
                <condition number="90" type="jump" coverage="100%" />
                <condition number="97" type="jump" coverage="100%" />
              </conditions>
            </line>
            <line number="91" hits="7" branch="False" />
            <line number="92" hits="7" branch="False" />
            <line number="95" hits="4" branch="False" />
            <line number="99" hits="72" branch="False" />
            <line number="100" hits="72" branch="False" />
            <line number="101" hits="72" branch="True" condition-coverage="100% (2/2)">
              <conditions>
                <condition number="153" type="jump" coverage="100%" />
              </conditions>
            </line>
            <line number="103" hits="7" branch="False" />
            <line number="104" hits="7" branch="False" />
            <line number="105" hits="65" branch="True" condition-coverage="100% (2/2)">
              <conditions>
                <condition number="176" type="jump" coverage="100%" />
              </conditions>
            </line>
            <line number="107" hits="2" branch="False" />
            <line number="108" hits="2" branch="False" />
            <line number="109" hits="2" branch="False" />
            <line number="110" hits="63" branch="True" condition-coverage="100% (2/2)">
              <conditions>
                <condition number="215" type="jump" coverage="100%" />
              </conditions>
            </line>
            <line number="112" hits="2" branch="True" condition-coverage="100% (2/2)">
              <conditions>
                <condition number="237" type="jump" coverage="100%" />
              </conditions>
            </line>
            <line number="113" hits="2" branch="True" condition-coverage="100% (2/2)">
              <conditions>
                <condition number="265" type="jump" coverage="100%" />
              </conditions>
            </line>
            <line number="114" hits="2" branch="True" condition-coverage="100% (2/2)">
              <conditions>
                <condition number="295" type="jump" coverage="100%" />
              </conditions>
            </line>
            <line number="115" hits="2" branch="True" condition-coverage="100% (2/2)">
              <conditions>
                <condition number="325" type="jump" coverage="100%" />
              </conditions>
            </line>
            <line number="116" hits="2" branch="False" />
            <line number="119" hits="72" branch="False" />
            <line number="124" hits="7" branch="False" />
            <line number="126" hits="80" branch="True" condition-coverage="100% (2/2)">
              <conditions>
                <condition number="40" type="jump" coverage="100%" />
              </conditions>
            </line>
            <line number="128" hits="33" branch="False" />
            <line number="131" hits="7" branch="False" />
            <line number="136" hits="2" branch="False" />
            <line number="138" hits="2" branch="False" />
            <line number="140" hits="2" branch="False" />
            <line number="141" hits="2" branch="True" condition-coverage="100% (2/2)">
              <conditions>
                <condition number="38" type="jump" coverage="100%" />
              </conditions>
            </line>
            <line number="142" hits="8" branch="False" />
            <line number="143" hits="2" branch="False" />
            <line number="144" hits="12" branch="True" condition-coverage="100% (2/2)">
              <conditions>
                <condition number="172" type="jump" coverage="100%" />
              </conditions>
            </line>
            <line number="146" hits="4" branch="False" />
            <line number="147" hits="4" branch="False" />
            <line number="148" hits="4" branch="False" />
            <line number="149" hits="4" branch="False" />
            <line number="150" hits="4" branch="False" />
            <line number="153" hits="2" branch="False" />
            <line number="162" hits="2" branch="False" />
            <line number="163" hits="2" branch="False" />
            <line number="164" hits="2" branch="False" />
            <line number="165" hits="2" branch="False" />
            <line number="167" hits="2" branch="True" condition-coverage="100% (4/4)">
              <conditions>
                <condition number="46" type="jump" coverage="100%" />
                <condition number="77" type="jump" coverage="100%" />
              </conditions>
            </line>
            <line number="168" hits="6" branch="False" />
            <line number="169" hits="2" branch="False" />
            <line number="170" hits="2" branch="True" condition-coverage="100% (2/2)">
              <conditions>
                <condition number="92" type="jump" coverage="100%" />
              </conditions>
            </line>
            <line number="173" hits="2" branch="True" condition-coverage="100% (4/4)">
              <conditions>
                <condition number="112" type="jump" coverage="100%" />
                <condition number="143" type="jump" coverage="100%" />
              </conditions>
            </line>
            <line number="174" hits="6" branch="False" />
            <line number="175" hits="2" branch="False" />
            <line number="176" hits="2" branch="True" condition-coverage="100% (2/2)">
              <conditions>
                <condition number="158" type="jump" coverage="100%" />
              </conditions>
            </line>
            <line number="178" hits="2" branch="True" condition-coverage="100% (2/2)">
              <conditions>
                <condition number="180" type="jump" coverage="100%" />
              </conditions>
            </line>
            <line number="179" hits="6" branch="False" />
            <line number="181" hits="2" branch="False" />
            <line number="183" hits="2" branch="True" condition-coverage="100% (2/2)">
              <conditions>
                <condition number="228" type="jump" coverage="100%" />
              </conditions>
            </line>
            <line number="184" hits="1" branch="False" />
            <line number="185" hits="2" branch="True" condition-coverage="100% (2/2)">
              <conditions>
                <condition number="239" type="jump" coverage="100%" />
              </conditions>
            </line>
            <line number="186" hits="1" branch="False" />
            <line number="187" hits="2" branch="True" condition-coverage="100% (2/2)">
              <conditions>
                <condition number="250" type="jump" coverage="100%" />
              </conditions>
            </line>
            <line number="188" hits="1" branch="False" />
            <line number="189" hits="2" branch="True" condition-coverage="100% (2/2)">
              <conditions>
                <condition number="263" type="jump" coverage="100%" />
              </conditions>
            </line>
            <line number="190" hits="1" branch="False" />
            <line number="192" hits="2" branch="False" />
            <line number="197" hits="14" branch="False" />
            <line number="199" hits="14" branch="False" />
            <line number="200" hits="14" branch="False" />
            <line number="201" hits="14" branch="False" />
            <line number="202" hits="14" branch="False" />
            <line number="204" hits="14" branch="True" condition-coverage="100% (2/2)">
              <conditions>
                <condition number="67" type="jump" coverage="100%" />
              </conditions>
            </line>
            <line number="206" hits="10" branch="False" />
            <line number="207" hits="10" branch="False" />
            <line number="209" hits="10" branch="True" condition-coverage="100% (2/2)">
              <conditions>
                <condition number="115" type="jump" coverage="100%" />
              </conditions>
            </line>
            <line number="211" hits="1" branch="False" />
            <line number="212" hits="1" branch="False" />
            <line number="213" hits="1" branch="False" />
            <line number="214" hits="1" branch="False" />
            <line number="216" hits="1" branch="False" />
            <line number="219" hits="4" branch="True" condition-coverage="100% (4/4)">
              <conditions>
                <condition number="150" type="jump" coverage="100%" />
                <condition number="174" type="jump" coverage="100%" />
              </conditions>
            </line>
            <line number="220" hits="4" branch="False" />
            <line number="222" hits="1" branch="False" />
            <line number="226" hits="14" branch="True" condition-coverage="100% (2/2)">
              <conditions>
                <condition number="189" type="jump" coverage="100%" />
              </conditions>
            </line>
            <line number="228" hits="12" branch="False" />
            <line number="229" hits="174" branch="True" condition-coverage="100% (4/4)">
              <conditions>
                <condition number="221" type="jump" coverage="100%" />
                <condition number="257" type="jump" coverage="100%" />
              </conditions>
            </line>
            <line number="230" hits="82" branch="True" condition-coverage="100% (2/2)">
              <conditions>
                <condition number="395" type="jump" coverage="100%" />
              </conditions>
            </line>
            <line number="232" hits="108" branch="True" condition-coverage="100% (2/2)">
              <conditions>
                <condition number="313" type="jump" coverage="100%" />
              </conditions>
            </line>
            <line number="233" hits="106" branch="True" condition-coverage="100% (4/4)">
              <conditions>
                <condition number="349" type="jump" coverage="100%" />
                <condition number="379" type="jump" coverage="100%" />
              </conditions>
            </line>
            <line number="235" hits="2" branch="False" />
            <line number="240" hits="14" branch="False" />
            <line number="253" hits="10" branch="False" />
            <line number="254" hits="10" branch="True" condition-coverage="50% (1/2)">
              <conditions>
                <condition number="27" type="jump" coverage="50%" />
              </conditions>
            </line>
            <line number="259" hits="10" branch="False" />
            <line number="260" hits="10" branch="True" condition-coverage="100% (4/4)">
              <conditions>
                <condition number="22" type="jump" coverage="100%" />
                <condition number="34" type="jump" coverage="100%" />
              </conditions>
            </line>
            <line number="265" hits="12" branch="True" condition-coverage="100% (4/4)">
              <conditions>
                <condition number="22" type="jump" coverage="100%" />
                <condition number="58" type="jump" coverage="100%" />
              </conditions>
            </line>
            <line number="266" hits="12" branch="False" />
            <line number="267" hits="180" branch="False" />
            <line number="268" hits="16" branch="False" />
            <line number="269" hits="12" branch="False" />
            <line number="271" hits="32" branch="True" condition-coverage="100% (2/2)">
              <conditions>
                <condition number="134" type="jump" coverage="100%" />
              </conditions>
            </line>
            <line number="273" hits="4" branch="False" />
            <line number="275" hits="12" branch="False" />
            <line number="29" hits="1" branch="False" />
            <line number="31" hits="1" branch="False" />
            <line number="33" hits="1" branch="False" />
            <line number="34" hits="1" branch="False" />
            <line number="35" hits="1" branch="False" />
            <line number="36" hits="1" branch="False" />
            <line number="38" hits="11" branch="False" />
            <line number="40" hits="11" branch="False" />
            <line number="41" hits="11" branch="False" />
            <line number="43" hits="11" branch="False" />
            <line number="44" hits="11" branch="False" />
          </lines>
        </class>
        <class name="NetworkEngine.PacketCompiler.PacketSpecParser/&lt;&gt;c__DisplayClass19_0" filename="D:\git\personal\networkengine\NetworkEngine\PacketCompiler\PacketSpecParser.cs" line-rate="1" branch-rate="1" complexity="1">
          <methods>
            <method name="&lt;ValidatePacketStructure&gt;g__ValidationHandler|0" signature="(System.Object,System.Xml.Schema.ValidationEventArgs)" line-rate="1" branch-rate="1">
              <lines>
                <line number="244" hits="1" branch="False" />
                <line number="245" hits="1" branch="False" />
                <line number="246" hits="1" branch="False" />
                <line number="247" hits="1" branch="False" />
                <line number="248" hits="1" branch="False" />
              </lines>
            </method>
          </methods>
          <lines>
            <line number="244" hits="1" branch="False" />
            <line number="245" hits="1" branch="False" />
            <line number="246" hits="1" branch="False" />
            <line number="247" hits="1" branch="False" />
            <line number="248" hits="1" branch="False" />
          </lines>
        </class>
        <class name="NetworkEngine.PacketCompiler.State.BaseMemberState" filename="D:\git\personal\networkengine\NetworkEngine\PacketCompiler\State\BaseMemberState.cs" line-rate="1" branch-rate="1" complexity="6">
          <methods>
            <method name="get_Members" signature="()" line-rate="1" branch-rate="1">
              <lines>
                <line number="9" hits="31" branch="False" />
              </lines>
            </method>
            <method name="get_Item" signature="(NetworkEngine.PacketCompiler.State.MemberProperty)" line-rate="1" branch-rate="1">
              <lines>
                <line number="15" hits="8" branch="False" />
                <line number="16" hits="8" branch="False" />
              </lines>
            </method>
            <method name="set_Item" signature="(NetworkEngine.PacketCompiler.State.MemberProperty,System.Object)" line-rate="1" branch-rate="1">
              <lines>
                <line number="18" hits="8" branch="False" />
              </lines>
            </method>
            <method name="GetMemberAs" signature="(NetworkEngine.PacketCompiler.State.MemberProperty)" line-rate="1" branch-rate="1">
              <lines>
                <line number="21" hits="8" branch="False" />
              </lines>
            </method>
            <method name="SetMemberAs" signature="(NetworkEngine.PacketCompiler.State.MemberProperty,T)" line-rate="1" branch-rate="1">
              <lines>
                <line number="23" hits="8" branch="False" />
              </lines>
            </method>
            <method name=".ctor" signature="()" line-rate="1" branch-rate="1">
              <lines>
                <line number="7" hits="15" branch="False" />
              </lines>
            </method>
          </methods>
          <lines>
            <line number="9" hits="31" branch="False" />
            <line number="15" hits="8" branch="False" />
            <line number="16" hits="8" branch="False" />
            <line number="18" hits="8" branch="False" />
            <line number="21" hits="8" branch="False" />
            <line number="23" hits="8" branch="False" />
            <line number="7" hits="15" branch="False" />
          </lines>
        </class>
        <class name="NetworkEngine.PacketCompiler.State.ConditionState" filename="D:\git\personal\networkengine\NetworkEngine\PacketCompiler\State\ConditionState.cs" line-rate="1" branch-rate="1" complexity="3">
          <methods>
            <method name="get_Peek" signature="()" line-rate="1" branch-rate="1">
              <lines>
                <line number="7" hits="2" branch="False" />
              </lines>
            </method>
            <method name="get_Cases" signature="()" line-rate="1" branch-rate="1">
              <lines>
                <line number="9" hits="2" branch="False" />
              </lines>
            </method>
            <method name=".ctor" signature="(System.Boolean,NetworkEngine.PacketCompiler.State.PacketDataElement,System.Collections.Generic.IReadOnlyList`1&lt;NetworkEngine.PacketCompiler.State.ConditionState/CaseState&gt;)" line-rate="1" branch-rate="1">
              <lines>
                <line number="11" hits="2" branch="False" />
                <line number="13" hits="2" branch="False" />
                <line number="14" hits="2" branch="False" />
                <line number="15" hits="2" branch="False" />
                <line number="16" hits="2" branch="False" />
              </lines>
            </method>
          </methods>
          <lines>
            <line number="7" hits="2" branch="False" />
            <line number="9" hits="2" branch="False" />
            <line number="11" hits="2" branch="False" />
            <line number="13" hits="2" branch="False" />
            <line number="14" hits="2" branch="False" />
            <line number="15" hits="2" branch="False" />
            <line number="16" hits="2" branch="False" />
          </lines>
        </class>
        <class name="NetworkEngine.PacketCompiler.State.ConditionState/CaseState" filename="D:\git\personal\networkengine\NetworkEngine\PacketCompiler\State\ConditionState.cs" line-rate="1" branch-rate="1" complexity="2">
          <methods>
            <method name="get_TestValue" signature="()" line-rate="1" branch-rate="1">
              <lines>
                <line number="20" hits="4" branch="False" />
              </lines>
            </method>
            <method name=".ctor" signature="(System.String,System.Collections.Generic.IReadOnlyList`1&lt;NetworkEngine.PacketCompiler.State.PacketDataElement&gt;)" line-rate="1" branch-rate="1">
              <lines>
                <line number="22" hits="4" branch="False" />
                <line number="24" hits="4" branch="False" />
                <line number="25" hits="4" branch="False" />
                <line number="26" hits="4" branch="False" />
              </lines>
            </method>
          </methods>
          <lines>
            <line number="20" hits="4" branch="False" />
            <line number="22" hits="4" branch="False" />
            <line number="24" hits="4" branch="False" />
            <line number="25" hits="4" branch="False" />
            <line number="26" hits="4" branch="False" />
          </lines>
        </class>
        <class name="NetworkEngine.PacketCompiler.State.GroupState" filename="D:\git\personal\networkengine\NetworkEngine\PacketCompiler\State\GroupState.cs" line-rate="1" branch-rate="1" complexity="12">
          <methods>
            <method name="get_CountType" signature="()" line-rate="1" branch-rate="1">
              <lines>
                <line number="11" hits="1" branch="False" />
              </lines>
            </method>
            <method name="set_CountType" signature="(NetworkEngine.PacketCompiler.PacketDataType)" line-rate="1" branch-rate="1">
              <lines>
                <line number="12" hits="1" branch="False" />
              </lines>
            </method>
            <method name="get_BreakOn" signature="()" line-rate="1" branch-rate="1">
              <lines>
                <line number="17" hits="1" branch="False" />
              </lines>
            </method>
            <method name="set_BreakOn" signature="(System.Int32)" line-rate="1" branch-rate="1">
              <lines>
                <line number="18" hits="1" branch="False" />
              </lines>
            </method>
            <method name="get_BreakType" signature="()" line-rate="1" branch-rate="1">
              <lines>
                <line number="23" hits="1" branch="False" />
              </lines>
            </method>
            <method name="set_BreakType" signature="(NetworkEngine.PacketCompiler.PacketDataType)" line-rate="1" branch-rate="1">
              <lines>
                <line number="24" hits="1" branch="False" />
              </lines>
            </method>
            <method name="get_Peek" signature="()" line-rate="1" branch-rate="1">
              <lines>
                <line number="29" hits="1" branch="False" />
              </lines>
            </method>
            <method name="set_Peek" signature="(System.Boolean)" line-rate="1" branch-rate="1">
              <lines>
                <line number="30" hits="1" branch="False" />
              </lines>
            </method>
            <method name="get_PreLoop" signature="()" line-rate="1" branch-rate="1">
              <lines>
                <line number="33" hits="1" branch="False" />
              </lines>
            </method>
            <method name="get_PostLoop" signature="()" line-rate="1" branch-rate="1">
              <lines>
                <line number="35" hits="1" branch="False" />
              </lines>
            </method>
            <method name="get_Structure" signature="()" line-rate="1" branch-rate="1">
              <lines>
                <line number="37" hits="3" branch="False" />
              </lines>
            </method>
            <method name=".ctor" signature="(NetworkEngine.PacketCompiler.State.PacketDataElement,NetworkEngine.PacketCompiler.State.PacketDataElement,NetworkEngine.PacketCompiler.State.PacketDataElement)" line-rate="1" branch-rate="1">
              <lines>
                <line number="39" hits="2" branch="False" />
                <line number="40" hits="2" branch="False" />
                <line number="41" hits="2" branch="False" />
                <line number="43" hits="2" branch="False" />
                <line number="44" hits="2" branch="False" />
                <line number="45" hits="2" branch="False" />
                <line number="46" hits="2" branch="False" />
                <line number="47" hits="2" branch="False" />
                <line number="48" hits="2" branch="False" />
                <line number="49" hits="2" branch="False" />
              </lines>
            </method>
          </methods>
          <lines>
            <line number="11" hits="1" branch="False" />
            <line number="12" hits="1" branch="False" />
            <line number="17" hits="1" branch="False" />
            <line number="18" hits="1" branch="False" />
            <line number="23" hits="1" branch="False" />
            <line number="24" hits="1" branch="False" />
            <line number="29" hits="1" branch="False" />
            <line number="30" hits="1" branch="False" />
            <line number="33" hits="1" branch="False" />
            <line number="35" hits="1" branch="False" />
            <line number="37" hits="3" branch="False" />
            <line number="39" hits="2" branch="False" />
            <line number="40" hits="2" branch="False" />
            <line number="41" hits="2" branch="False" />
            <line number="43" hits="2" branch="False" />
            <line number="44" hits="2" branch="False" />
            <line number="45" hits="2" branch="False" />
            <line number="46" hits="2" branch="False" />
            <line number="47" hits="2" branch="False" />
            <line number="48" hits="2" branch="False" />
            <line number="49" hits="2" branch="False" />
          </lines>
        </class>
        <class name="NetworkEngine.PacketCompiler.State.PacketDataElement" filename="D:\git\personal\networkengine\NetworkEngine\PacketCompiler\State\PacketDataElement.cs" line-rate="1" branch-rate="1" complexity="5">
          <methods>
            <method name="get_DataType" signature="()" line-rate="1" branch-rate="1">
              <lines>
                <line number="7" hits="22" branch="False" />
              </lines>
            </method>
            <method name="get_Length" signature="()" line-rate="1" branch-rate="1">
              <lines>
                <line number="8" hits="1" branch="False" />
              </lines>
            </method>
            <method name="get_Name" signature="()" line-rate="1" branch-rate="1">
              <lines>
                <line number="9" hits="12" branch="False" />
              </lines>
            </method>
            <method name="get_MemberState" signature="()" line-rate="1" branch-rate="1">
              <lines>
                <line number="10" hits="7" branch="False" />
              </lines>
            </method>
            <method name=".ctor" signature="(NetworkEngine.PacketCompiler.PacketDataType,System.Int32,System.String,NetworkEngine.PacketCompiler.State.IMemberState)" line-rate="1" branch-rate="1">
              <lines>
                <line number="12" hits="72" branch="False" />
                <line number="14" hits="72" branch="False" />
                <line number="15" hits="72" branch="False" />
                <line number="16" hits="72" branch="False" />
                <line number="17" hits="72" branch="False" />
                <line number="18" hits="72" branch="False" />
              </lines>
            </method>
          </methods>
          <lines>
            <line number="7" hits="22" branch="False" />
            <line number="8" hits="1" branch="False" />
            <line number="9" hits="12" branch="False" />
            <line number="10" hits="7" branch="False" />
            <line number="12" hits="72" branch="False" />
            <line number="14" hits="72" branch="False" />
            <line number="15" hits="72" branch="False" />
            <line number="16" hits="72" branch="False" />
            <line number="17" hits="72" branch="False" />
            <line number="18" hits="72" branch="False" />
          </lines>
        </class>
        <class name="NetworkEngine.PacketCompiler.State.PacketState" filename="D:\git\personal\networkengine\NetworkEngine\PacketCompiler\State\PacketState.cs" line-rate="1" branch-rate="1" complexity="7">
          <methods>
            <method name="get_PacketName" signature="()" line-rate="1" branch-rate="1">
              <lines>
                <line number="9" hits="27" branch="False" />
              </lines>
            </method>
            <method name="get_BasePacketName" signature="()" line-rate="1" branch-rate="1">
              <lines>
                <line number="11" hits="26" branch="False" />
              </lines>
            </method>
            <method name="get_Data" signature="()" line-rate="1" branch-rate="1">
              <lines>
                <line number="13" hits="53" branch="False" />
              </lines>
            </method>
            <method name="WithData" signature="(NetworkEngine.PacketCompiler.State.PacketDataElement)" line-rate="1" branch-rate="1">
              <lines>
                <line number="26" hits="25" branch="False" />
                <line number="27" hits="25" branch="False" />
              </lines>
            </method>
            <method name="WithBasePacket" signature="(System.String)" line-rate="1" branch-rate="1">
              <lines>
                <line number="32" hits="1" branch="False" />
              </lines>
            </method>
            <method name="Create" signature="(System.String)" line-rate="1" branch-rate="1">
              <lines>
                <line number="37" hits="10" branch="False" />
              </lines>
            </method>
            <method name=".ctor" signature="(System.String,System.String,System.Collections.Generic.IReadOnlyList`1&lt;NetworkEngine.PacketCompiler.State.PacketDataElement&gt;)" line-rate="1" branch-rate="1">
              <lines>
                <line number="15" hits="36" branch="False" />
                <line number="16" hits="36" branch="False" />
                <line number="17" hits="36" branch="False" />
                <line number="19" hits="36" branch="False" />
                <line number="20" hits="36" branch="False" />
                <line number="21" hits="36" branch="False" />
                <line number="22" hits="36" branch="False" />
              </lines>
            </method>
          </methods>
          <lines>
            <line number="9" hits="27" branch="False" />
            <line number="11" hits="26" branch="False" />
            <line number="13" hits="53" branch="False" />
            <line number="26" hits="25" branch="False" />
            <line number="27" hits="25" branch="False" />
            <line number="32" hits="1" branch="False" />
            <line number="37" hits="10" branch="False" />
            <line number="15" hits="36" branch="False" />
            <line number="16" hits="36" branch="False" />
            <line number="17" hits="36" branch="False" />
            <line number="19" hits="36" branch="False" />
            <line number="20" hits="36" branch="False" />
            <line number="21" hits="36" branch="False" />
            <line number="22" hits="36" branch="False" />
          </lines>
        </class>
        <class name="NetworkEngine.PacketCompiler.State.StructureState" filename="D:\git\personal\networkengine\NetworkEngine\PacketCompiler\State\StructureState.cs" line-rate="1" branch-rate="1" complexity="1">
          <methods>
            <method name=".ctor" signature="(System.Collections.Generic.IReadOnlyList`1&lt;NetworkEngine.PacketCompiler.State.PacketDataElement&gt;)" line-rate="1" branch-rate="1">
              <lines>
                <line number="7" hits="7" branch="False" />
                <line number="9" hits="7" branch="False" />
                <line number="10" hits="7" branch="False" />
              </lines>
            </method>
          </methods>
          <lines>
            <line number="7" hits="7" branch="False" />
            <line number="9" hits="7" branch="False" />
            <line number="10" hits="7" branch="False" />
          </lines>
        </class>
        <class name="NetworkEngine.Extensions.EnumerableExtensions/&lt;ToEnumerable&gt;d__0`1" filename="D:\git\personal\networkengine\NetworkEngine\Extensions\EnumerableExtensions.cs" line-rate="1" branch-rate="0.8333" complexity="6">
          <methods>
            <method name="MoveNext" signature="()" line-rate="1" branch-rate="0.8333">
              <lines>
                <line number="11" hits="161" branch="True" condition-coverage="100% (2/2)">
                  <conditions>
                    <condition number="74" type="jump" coverage="100%" />
                  </conditions>
                </line>
                <line number="12" hits="134" branch="True" condition-coverage="75% (3/4)">
                  <conditions>
                    <condition number="8" type="jump" coverage="100%" />
                    <condition number="12" type="jump" coverage="50%" />
                  </conditions>
                </line>
                <line number="13" hits="27" branch="False" />
              </lines>
            </method>
          </methods>
          <lines>
            <line number="11" hits="161" branch="True" condition-coverage="100% (2/2)">
              <conditions>
                <condition number="74" type="jump" coverage="100%" />
              </conditions>
            </line>
            <line number="12" hits="134" branch="True" condition-coverage="75% (3/4)">
              <conditions>
                <condition number="8" type="jump" coverage="100%" />
                <condition number="12" type="jump" coverage="50%" />
              </conditions>
            </line>
            <line number="13" hits="27" branch="False" />
          </lines>
        </class>
        <class name="NetworkEngine.DataTransfer.NumberEncoder" filename="D:\git\personal\networkengine\NetworkEngine\DataTransfer\NumberEncoder.cs" line-rate="1" branch-rate="1" complexity="18">
          <methods>
            <method name="EncodeNumber" signature="(System.Int32,System.Int32)" line-rate="1" branch-rate="1">
              <lines>
                <line number="17" hits="14" branch="False" />
                <line number="18" hits="14" branch="False" />
                <line number="19" hits="14" branch="False" />
                <line number="21" hits="14" branch="True" condition-coverage="100% (2/2)">
                  <conditions>
                    <condition number="27" type="jump" coverage="100%" />
                  </conditions>
                </line>
                <line number="23" hits="4" branch="False" />
                <line number="24" hits="4" branch="False" />
                <line number="27" hits="14" branch="True" condition-coverage="100% (2/2)">
                  <conditions>
                    <condition number="56" type="jump" coverage="100%" />
                  </conditions>
                </line>
                <line number="29" hits="6" branch="False" />
                <line number="30" hits="6" branch="False" />
                <line number="33" hits="14" branch="True" condition-coverage="100% (2/2)">
                  <conditions>
                    <condition number="84" type="jump" coverage="100%" />
                  </conditions>
                </line>
                <line number="35" hits="9" branch="False" />
                <line number="36" hits="9" branch="False" />
                <line number="39" hits="14" branch="False" />
                <line number="41" hits="14" branch="False" />
              </lines>
            </method>
            <method name="DecodeNumber" signature="(System.Byte[])" line-rate="1" branch-rate="1">
              <lines>
                <line number="46" hits="92" branch="True" condition-coverage="100% (2/2)">
                  <conditions>
                    <condition number="54" type="jump" coverage="100%" />
                  </conditions>
                </line>
                <line number="48" hits="34" branch="True" condition-coverage="100% (2/2)">
                  <conditions>
                    <condition number="12" type="jump" coverage="100%" />
                  </conditions>
                </line>
                <line number="49" hits="2" branch="False" />
                <line number="50" hits="32" branch="True" condition-coverage="100% (2/2)">
                  <conditions>
                    <condition number="23" type="jump" coverage="100%" />
                  </conditions>
                </line>
                <line number="51" hits="1" branch="False" />
                <line number="52" hits="34" branch="False" />
                <line number="55" hits="12" branch="False" />
                <line number="56" hits="12" branch="True" condition-coverage="100% (2/2)">
                  <conditions>
                    <condition number="62" type="jump" coverage="100%" />
                  </conditions>
                </line>
                <line number="57" hits="4" branch="False" />
                <line number="58" hits="12" branch="True" condition-coverage="100% (2/2)">
                  <conditions>
                    <condition number="80" type="jump" coverage="100%" />
                  </conditions>
                </line>
                <line number="59" hits="8" branch="False" />
                <line number="60" hits="12" branch="True" condition-coverage="100% (2/2)">
                  <conditions>
                    <condition number="98" type="jump" coverage="100%" />
                  </conditions>
                </line>
                <line number="61" hits="10" branch="False" />
                <line number="63" hits="12" branch="False" />
              </lines>
            </method>
          </methods>
          <lines>
            <line number="17" hits="14" branch="False" />
            <line number="18" hits="14" branch="False" />
            <line number="19" hits="14" branch="False" />
            <line number="21" hits="14" branch="True" condition-coverage="100% (2/2)">
              <conditions>
                <condition number="27" type="jump" coverage="100%" />
              </conditions>
            </line>
            <line number="23" hits="4" branch="False" />
            <line number="24" hits="4" branch="False" />
            <line number="27" hits="14" branch="True" condition-coverage="100% (2/2)">
              <conditions>
                <condition number="56" type="jump" coverage="100%" />
              </conditions>
            </line>
            <line number="29" hits="6" branch="False" />
            <line number="30" hits="6" branch="False" />
            <line number="33" hits="14" branch="True" condition-coverage="100% (2/2)">
              <conditions>
                <condition number="84" type="jump" coverage="100%" />
              </conditions>
            </line>
            <line number="35" hits="9" branch="False" />
            <line number="36" hits="9" branch="False" />
            <line number="39" hits="14" branch="False" />
            <line number="41" hits="14" branch="False" />
            <line number="46" hits="92" branch="True" condition-coverage="100% (2/2)">
              <conditions>
                <condition number="54" type="jump" coverage="100%" />
              </conditions>
            </line>
            <line number="48" hits="34" branch="True" condition-coverage="100% (2/2)">
              <conditions>
                <condition number="12" type="jump" coverage="100%" />
              </conditions>
            </line>
            <line number="49" hits="2" branch="False" />
            <line number="50" hits="32" branch="True" condition-coverage="100% (2/2)">
              <conditions>
                <condition number="23" type="jump" coverage="100%" />
              </conditions>
            </line>
            <line number="51" hits="1" branch="False" />
            <line number="52" hits="34" branch="False" />
            <line number="55" hits="12" branch="False" />
            <line number="56" hits="12" branch="True" condition-coverage="100% (2/2)">
              <conditions>
                <condition number="62" type="jump" coverage="100%" />
              </conditions>
            </line>
            <line number="57" hits="4" branch="False" />
            <line number="58" hits="12" branch="True" condition-coverage="100% (2/2)">
              <conditions>
                <condition number="80" type="jump" coverage="100%" />
              </conditions>
            </line>
            <line number="59" hits="8" branch="False" />
            <line number="60" hits="12" branch="True" condition-coverage="100% (2/2)">
              <conditions>
                <condition number="98" type="jump" coverage="100%" />
              </conditions>
            </line>
            <line number="61" hits="10" branch="False" />
            <line number="63" hits="12" branch="False" />
          </lines>
        </class>
        <class name="NetworkEngine.DataTransfer.Packet" filename="D:\git\personal\networkengine\NetworkEngine\DataTransfer\Packet.cs" line-rate="1" branch-rate="1" complexity="37">
          <methods>
            <method name="get_Length" signature="()" line-rate="1" branch-rate="1">
              <lines>
                <line number="31" hits="169" branch="False" />
              </lines>
            </method>
            <method name="get_ReadPosition" signature="()" line-rate="1" branch-rate="1">
              <lines>
                <line number="33" hits="410" branch="False" />
              </lines>
            </method>
            <method name="get_RawData" signature="()" line-rate="1" branch-rate="1">
              <lines>
                <line number="35" hits="552" branch="False" />
              </lines>
            </method>
            <method name="Seek" signature="(System.Int32,System.IO.SeekOrigin)" line-rate="1" branch-rate="1">
              <lines>
                <line number="40" hits="8" branch="True" condition-coverage="100% (4/4)">
                  <conditions>
                    <condition number="1" type="switch" coverage="100%" />
                  </conditions>
                </line>
                <line number="42" hits="2" branch="False" />
                <line number="43" hits="8" branch="False" />
                <line number="44" hits="4" branch="False" />
                <line number="45" hits="1" branch="False" />
                <line number="48" hits="7" branch="True" condition-coverage="100% (2/2)">
                  <conditions>
                    <condition number="73" type="jump" coverage="100%" />
                  </conditions>
                </line>
                <line number="49" hits="1" branch="False" />
                <line number="51" hits="6" branch="False" />
                <line number="52" hits="6" branch="False" />
              </lines>
            </method>
            <method name="PeekByte" signature="()" line-rate="1" branch-rate="1">
              <lines>
                <line number="56" hits="4" branch="False" />
                <line number="57" hits="4" branch="False" />
              </lines>
            </method>
            <method name="PeekChar" signature="()" line-rate="1" branch-rate="1">
              <lines>
                <line number="62" hits="3" branch="False" />
                <line number="63" hits="3" branch="False" />
              </lines>
            </method>
            <method name="PeekShort" signature="()" line-rate="1" branch-rate="1">
              <lines>
                <line number="68" hits="3" branch="False" />
                <line number="70" hits="3" branch="False" />
                <line number="71" hits="3" branch="False" />
              </lines>
            </method>
            <method name="PeekThree" signature="()" line-rate="1" branch-rate="1">
              <lines>
                <line number="76" hits="4" branch="False" />
                <line number="78" hits="4" branch="False" />
                <line number="79" hits="4" branch="False" />
                <line number="80" hits="4" branch="False" />
                <line number="81" hits="4" branch="False" />
                <line number="82" hits="4" branch="False" />
                <line number="83" hits="4" branch="False" />
                <line number="84" hits="4" branch="False" />
              </lines>
            </method>
            <method name="PeekInt" signature="()" line-rate="1" branch-rate="1">
              <lines>
                <line number="89" hits="5" branch="False" />
                <line number="91" hits="5" branch="False" />
                <line number="92" hits="5" branch="False" />
                <line number="93" hits="5" branch="False" />
                <line number="94" hits="5" branch="False" />
                <line number="95" hits="5" branch="False" />
                <line number="96" hits="5" branch="False" />
                <line number="97" hits="5" branch="False" />
                <line number="98" hits="5" branch="False" />
              </lines>
            </method>
            <method name="PeekString" signature="(System.Int32)" line-rate="1" branch-rate="1">
              <lines>
                <line number="103" hits="10" branch="False" />
              </lines>
            </method>
            <method name="PeekEndString" signature="()" line-rate="1" branch-rate="1">
              <lines>
                <line number="108" hits="1" branch="False" />
              </lines>
            </method>
            <method name="PeekBreakString" signature="()" line-rate="1" branch-rate="1">
              <lines>
                <line number="113" hits="5" branch="False" />
                <line number="114" hits="116" branch="True" condition-coverage="100% (4/4)">
                  <conditions>
                    <condition number="39" type="jump" coverage="100%" />
                    <condition number="20" type="jump" coverage="100%" />
                  </conditions>
                </line>
                <line number="115" hits="111" branch="False" />
                <line number="116" hits="5" branch="False" />
              </lines>
            </method>
            <method name="PeekBytes" signature="(System.Int32)" line-rate="1" branch-rate="1">
              <lines>
                <line number="121" hits="13" branch="False" />
                <line number="123" hits="12" branch="False" />
                <line number="124" hits="470" branch="True" condition-coverage="100% (2/2)">
                  <conditions>
                    <condition number="54" type="jump" coverage="100%" />
                  </conditions>
                </line>
                <line number="125" hits="223" branch="False" />
                <line number="126" hits="12" branch="False" />
              </lines>
            </method>
            <method name="ReadByte" signature="()" line-rate="1" branch-rate="1">
              <lines>
                <line number="131" hits="2" branch="False" />
                <line number="132" hits="2" branch="False" />
                <line number="133" hits="2" branch="False" />
              </lines>
            </method>
            <method name="ReadChar" signature="()" line-rate="1" branch-rate="1">
              <lines>
                <line number="138" hits="1" branch="False" />
                <line number="139" hits="1" branch="False" />
                <line number="140" hits="1" branch="False" />
              </lines>
            </method>
            <method name="ReadShort" signature="()" line-rate="1" branch-rate="1">
              <lines>
                <line number="145" hits="1" branch="False" />
                <line number="146" hits="1" branch="False" />
                <line number="147" hits="1" branch="False" />
              </lines>
            </method>
            <method name="ReadThree" signature="()" line-rate="1" branch-rate="1">
              <lines>
                <line number="152" hits="1" branch="False" />
                <line number="153" hits="1" branch="False" />
                <line number="154" hits="1" branch="False" />
              </lines>
            </method>
            <method name="ReadInt" signature="()" line-rate="1" branch-rate="1">
              <lines>
                <line number="159" hits="3" branch="False" />
                <line number="160" hits="3" branch="False" />
                <line number="161" hits="3" branch="False" />
              </lines>
            </method>
            <method name="ReadString" signature="(System.Int32)" line-rate="1" branch-rate="1">
              <lines>
                <line number="166" hits="2" branch="False" />
                <line number="167" hits="2" branch="False" />
                <line number="168" hits="2" branch="False" />
              </lines>
            </method>
            <method name="ReadEndString" signature="()" line-rate="1" branch-rate="1">
              <lines>
                <line number="173" hits="1" branch="False" />
              </lines>
            </method>
            <method name="ReadBreakString" signature="()" line-rate="1" branch-rate="1">
              <lines>
                <line number="178" hits="3" branch="False" />
                <line number="179" hits="3" branch="False" />
                <line number="180" hits="3" branch="False" />
              </lines>
            </method>
            <method name="ReadBytes" signature="(System.Int32)" line-rate="1" branch-rate="1">
              <lines>
                <line number="185" hits="2" branch="False" />
                <line number="186" hits="1" branch="False" />
                <line number="187" hits="1" branch="False" />
              </lines>
            </method>
            <method name="ThrowIfOutOfBounds" signature="(System.Int32)" line-rate="1" branch-rate="1">
              <lines>
                <line number="192" hits="32" branch="True" condition-coverage="100% (2/2)">
                  <conditions>
                    <condition number="14" type="jump" coverage="100%" />
                  </conditions>
                </line>
                <line number="193" hits="1" branch="False" />
                <line number="194" hits="31" branch="False" />
              </lines>
            </method>
            <method name=".ctor" signature="(System.Collections.Generic.IList`1&lt;System.Byte&gt;)" line-rate="1" branch-rate="1">
              <lines>
                <line number="16" hits="22" branch="False" />
              </lines>
            </method>
            <method name=".ctor" signature="(System.Collections.Generic.IList`1&lt;System.Byte&gt;,NetworkEngine.DataTransfer.INumberEncoder)" line-rate="1" branch-rate="1">
              <lines>
                <line number="19" hits="2" branch="False" />
              </lines>
            </method>
            <method name=".ctor" signature="(System.Byte[])" line-rate="1" branch-rate="1">
              <lines>
                <line number="22" hits="46" branch="False" />
              </lines>
            </method>
            <method name=".ctor" signature="(System.Byte[],NetworkEngine.DataTransfer.INumberEncoder)" line-rate="1" branch-rate="1">
              <lines>
                <line number="24" hits="24" branch="False" />
                <line number="26" hits="24" branch="False" />
                <line number="27" hits="24" branch="False" />
                <line number="28" hits="24" branch="False" />
                <line number="29" hits="24" branch="False" />
              </lines>
            </method>
          </methods>
          <lines>
            <line number="31" hits="169" branch="False" />
            <line number="33" hits="410" branch="False" />
            <line number="35" hits="552" branch="False" />
            <line number="40" hits="8" branch="True" condition-coverage="100% (4/4)">
              <conditions>
                <condition number="1" type="switch" coverage="100%" />
              </conditions>
            </line>
            <line number="42" hits="2" branch="False" />
            <line number="43" hits="8" branch="False" />
            <line number="44" hits="4" branch="False" />
            <line number="45" hits="1" branch="False" />
            <line number="48" hits="7" branch="True" condition-coverage="100% (2/2)">
              <conditions>
                <condition number="73" type="jump" coverage="100%" />
              </conditions>
            </line>
            <line number="49" hits="1" branch="False" />
            <line number="51" hits="6" branch="False" />
            <line number="52" hits="6" branch="False" />
            <line number="56" hits="4" branch="False" />
            <line number="57" hits="4" branch="False" />
            <line number="62" hits="3" branch="False" />
            <line number="63" hits="3" branch="False" />
            <line number="68" hits="3" branch="False" />
            <line number="70" hits="3" branch="False" />
            <line number="71" hits="3" branch="False" />
            <line number="76" hits="4" branch="False" />
            <line number="78" hits="4" branch="False" />
            <line number="79" hits="4" branch="False" />
            <line number="80" hits="4" branch="False" />
            <line number="81" hits="4" branch="False" />
            <line number="82" hits="4" branch="False" />
            <line number="83" hits="4" branch="False" />
            <line number="84" hits="4" branch="False" />
            <line number="89" hits="5" branch="False" />
            <line number="91" hits="5" branch="False" />
            <line number="92" hits="5" branch="False" />
            <line number="93" hits="5" branch="False" />
            <line number="94" hits="5" branch="False" />
            <line number="95" hits="5" branch="False" />
            <line number="96" hits="5" branch="False" />
            <line number="97" hits="5" branch="False" />
            <line number="98" hits="5" branch="False" />
            <line number="103" hits="10" branch="False" />
            <line number="108" hits="1" branch="False" />
            <line number="113" hits="5" branch="False" />
            <line number="114" hits="116" branch="True" condition-coverage="100% (4/4)">
              <conditions>
                <condition number="39" type="jump" coverage="100%" />
                <condition number="20" type="jump" coverage="100%" />
              </conditions>
            </line>
            <line number="115" hits="111" branch="False" />
            <line number="116" hits="5" branch="False" />
            <line number="121" hits="13" branch="False" />
            <line number="123" hits="12" branch="False" />
            <line number="124" hits="470" branch="True" condition-coverage="100% (2/2)">
              <conditions>
                <condition number="54" type="jump" coverage="100%" />
              </conditions>
            </line>
            <line number="125" hits="223" branch="False" />
            <line number="126" hits="12" branch="False" />
            <line number="131" hits="2" branch="False" />
            <line number="132" hits="2" branch="False" />
            <line number="133" hits="2" branch="False" />
            <line number="138" hits="1" branch="False" />
            <line number="139" hits="1" branch="False" />
            <line number="140" hits="1" branch="False" />
            <line number="145" hits="1" branch="False" />
            <line number="146" hits="1" branch="False" />
            <line number="147" hits="1" branch="False" />
            <line number="152" hits="1" branch="False" />
            <line number="153" hits="1" branch="False" />
            <line number="154" hits="1" branch="False" />
            <line number="159" hits="3" branch="False" />
            <line number="160" hits="3" branch="False" />
            <line number="161" hits="3" branch="False" />
            <line number="166" hits="2" branch="False" />
            <line number="167" hits="2" branch="False" />
            <line number="168" hits="2" branch="False" />
            <line number="173" hits="1" branch="False" />
            <line number="178" hits="3" branch="False" />
            <line number="179" hits="3" branch="False" />
            <line number="180" hits="3" branch="False" />
            <line number="185" hits="2" branch="False" />
            <line number="186" hits="1" branch="False" />
            <line number="187" hits="1" branch="False" />
            <line number="192" hits="32" branch="True" condition-coverage="100% (2/2)">
              <conditions>
                <condition number="14" type="jump" coverage="100%" />
              </conditions>
            </line>
            <line number="193" hits="1" branch="False" />
            <line number="194" hits="31" branch="False" />
            <line number="16" hits="22" branch="False" />
            <line number="19" hits="2" branch="False" />
            <line number="22" hits="46" branch="False" />
            <line number="24" hits="24" branch="False" />
            <line number="26" hits="24" branch="False" />
            <line number="27" hits="24" branch="False" />
            <line number="28" hits="24" branch="False" />
            <line number="29" hits="24" branch="False" />
          </lines>
        </class>
        <class name="NetworkEngine.DataTransfer.PacketBuilder" filename="D:\git\personal\networkengine\NetworkEngine\DataTransfer\PacketBuilder.cs" line-rate="1" branch-rate="1" complexity="14">
          <methods>
            <method name="get_Length" signature="()" line-rate="1" branch-rate="1">
              <lines>
                <line number="26" hits="1" branch="False" />
              </lines>
            </method>
            <method name="AddBreak" signature="()" line-rate="1" branch-rate="1">
              <lines>
                <line number="30" hits="1" branch="False" />
              </lines>
            </method>
            <method name="AddByte" signature="(System.Byte)" line-rate="1" branch-rate="1">
              <lines>
                <line number="35" hits="5" branch="False" />
              </lines>
            </method>
            <method name="AddChar" signature="(System.Byte)" line-rate="1" branch-rate="1">
              <lines>
                <line number="40" hits="1" branch="False" />
              </lines>
            </method>
            <method name="AddShort" signature="(System.Int16)" line-rate="1" branch-rate="1">
              <lines>
                <line number="45" hits="2" branch="False" />
              </lines>
            </method>
            <method name="AddThree" signature="(System.Int32)" line-rate="1" branch-rate="1">
              <lines>
                <line number="50" hits="3" branch="False" />
              </lines>
            </method>
            <method name="AddInt" signature="(System.Int32)" line-rate="1" branch-rate="1">
              <lines>
                <line number="55" hits="3" branch="False" />
              </lines>
            </method>
            <method name="AddString" signature="(System.String)" line-rate="1" branch-rate="1">
              <lines>
                <line number="60" hits="1" branch="False" />
              </lines>
            </method>
            <method name="AddBreakString" signature="(System.String)" line-rate="1" branch-rate="1">
              <lines>
                <line number="65" hits="1" branch="False" />
                <line number="66" hits="1" branch="False" />
              </lines>
            </method>
            <method name="AddBytes" signature="(System.Collections.Generic.IEnumerable`1&lt;System.Byte&gt;)" line-rate="1" branch-rate="1">
              <lines>
                <line number="71" hits="17" branch="False" />
                <line number="72" hits="17" branch="False" />
                <line number="73" hits="17" branch="False" />
              </lines>
            </method>
            <method name="Build" signature="()" line-rate="1" branch-rate="1">
              <lines>
                <line number="78" hits="10" branch="False" />
              </lines>
            </method>
            <method name=".ctor" signature="()" line-rate="1" branch-rate="1">
              <lines>
                <line number="15" hits="22" branch="False" />
              </lines>
            </method>
            <method name=".ctor" signature="(NetworkEngine.DataTransfer.INumberEncoder)" line-rate="1" branch-rate="1">
              <lines>
                <line number="18" hits="22" branch="False" />
              </lines>
            </method>
            <method name=".ctor" signature="(System.Collections.Generic.IReadOnlyList`1&lt;System.Byte&gt;,NetworkEngine.DataTransfer.INumberEncoder)" line-rate="1" branch-rate="1">
              <lines>
                <line number="20" hits="28" branch="False" />
                <line number="22" hits="28" branch="False" />
                <line number="23" hits="28" branch="False" />
                <line number="24" hits="28" branch="False" />
              </lines>
            </method>
          </methods>
          <lines>
            <line number="26" hits="1" branch="False" />
            <line number="30" hits="1" branch="False" />
            <line number="35" hits="5" branch="False" />
            <line number="40" hits="1" branch="False" />
            <line number="45" hits="2" branch="False" />
            <line number="50" hits="3" branch="False" />
            <line number="55" hits="3" branch="False" />
            <line number="60" hits="1" branch="False" />
            <line number="65" hits="1" branch="False" />
            <line number="66" hits="1" branch="False" />
            <line number="71" hits="17" branch="False" />
            <line number="72" hits="17" branch="False" />
            <line number="73" hits="17" branch="False" />
            <line number="78" hits="10" branch="False" />
            <line number="15" hits="22" branch="False" />
            <line number="18" hits="22" branch="False" />
            <line number="20" hits="28" branch="False" />
            <line number="22" hits="28" branch="False" />
            <line number="23" hits="28" branch="False" />
            <line number="24" hits="28" branch="False" />
          </lines>
        </class>
      </classes>
    </package>
  </packages>
</coverage>